<?xml version="1.0" encoding="UTF-8"?>
<!-- Generated by org.testng.reporters.JUnitXMLReporter -->
<testsuite hostname="Shadmans-MBP.home" ignored="1" name="Test" tests="20" failures="4" timestamp="22 Oct 2018 02:20:53 GMT" time="1.417" errors="0">
  <testcase name="loginTest" time="0.01" classname="com.dunkin.shadman.onlineStore.testScripts.Test1"/>
  <testcase name="loginTest1" time="0.003" classname="com.dunkin.shadman.onlineStore.testScripts.Test1">
    <skipped/>
  </testcase> <!-- loginTest1 -->
  <testcase name="loginTest1" time="0.002" classname="com.dunkin.shadman.onlineStore.testScripts.Test1">
    <skipped/>
  </testcase> <!-- loginTest1 -->
  <testcase name="loginTest1" time="0.003" classname="com.dunkin.shadman.onlineStore.testScripts.Test1">
    <skipped/>
  </testcase> <!-- loginTest1 -->
  <testcase name="loginTest1" time="0.002" classname="com.dunkin.shadman.onlineStore.testScripts.Test1">
    <failure type="junit.framework.AssertionFailedError">
      <![CDATA[junit.framework.AssertionFailedErrorat junit.framework.Assert.fail(Assert.java:47)at junit.framework.Assert.assertTrue(Assert.java:20)at junit.framework.Assert.assertTrue(Assert.java:27)at com.dunkin.shadman.onlineStore.helper.assertion.AssertionHelper.makeFalse(AssertionHelper.java:48)at com.dunkin.shadman.onlineStore.testScripts.Test1.loginTest1(Test1.java:17)... Removed 25 stack frames]]>
    </failure>
  </testcase> <!-- loginTest1 -->
  <testcase name="loginTest2" time="0.005" classname="com.dunkin.shadman.onlineStore.testScripts.Test1"/>
  <testcase name="loginTest3" time="0.003" classname="com.dunkin.shadman.onlineStore.testScripts.Test1">
    <skipped/>
  </testcase> <!-- loginTest3 -->
  <testcase name="loginTest3" time="0.003" classname="com.dunkin.shadman.onlineStore.testScripts.Test1">
    <skipped/>
  </testcase> <!-- loginTest3 -->
  <testcase name="loginTest3" time="0.001" classname="com.dunkin.shadman.onlineStore.testScripts.Test1">
    <skipped/>
  </testcase> <!-- loginTest3 -->
  <testcase name="loginTest3" time="0.003" classname="com.dunkin.shadman.onlineStore.testScripts.Test1">
    <failure type="junit.framework.AssertionFailedError">
      <![CDATA[junit.framework.AssertionFailedErrorat junit.framework.Assert.fail(Assert.java:47)at junit.framework.Assert.assertTrue(Assert.java:20)at junit.framework.Assert.assertTrue(Assert.java:27)at com.dunkin.shadman.onlineStore.helper.assertion.AssertionHelper.makeFalse(AssertionHelper.java:48)at com.dunkin.shadman.onlineStore.testScripts.Test1.loginTest3(Test1.java:27)... Removed 25 stack frames]]>
    </failure>
  </testcase> <!-- loginTest3 -->
  <testcase name="loginTest" time="0.002" classname="com.dunkin.shadman.onlineStore.testScripts.Test2"/>
  <testcase name="loginTest1" time="0.002" classname="com.dunkin.shadman.onlineStore.testScripts.Test2">
    <skipped/>
  </testcase> <!-- loginTest1 -->
  <testcase name="loginTest1" time="0.011" classname="com.dunkin.shadman.onlineStore.testScripts.Test2">
    <skipped/>
  </testcase> <!-- loginTest1 -->
  <testcase name="loginTest1" time="0.002" classname="com.dunkin.shadman.onlineStore.testScripts.Test2">
    <skipped/>
  </testcase> <!-- loginTest1 -->
  <testcase name="loginTest1" time="0.006" classname="com.dunkin.shadman.onlineStore.testScripts.Test2">
    <failure type="junit.framework.AssertionFailedError">
      <![CDATA[junit.framework.AssertionFailedErrorat junit.framework.Assert.fail(Assert.java:47)at junit.framework.Assert.assertTrue(Assert.java:20)at junit.framework.Assert.assertTrue(Assert.java:27)at com.dunkin.shadman.onlineStore.helper.assertion.AssertionHelper.makeFalse(AssertionHelper.java:48)at com.dunkin.shadman.onlineStore.testScripts.Test2.loginTest1(Test2.java:17)... Removed 25 stack frames]]>
    </failure>
  </testcase> <!-- loginTest1 -->
  <testcase name="loginTest2" time="0.001" classname="com.dunkin.shadman.onlineStore.testScripts.Test2"/>
  <testcase name="loginTest3" time="0.001" classname="com.dunkin.shadman.onlineStore.testScripts.Test2">
    <skipped/>
  </testcase> <!-- loginTest3 -->
  <testcase name="loginTest3" time="0.002" classname="com.dunkin.shadman.onlineStore.testScripts.Test2">
    <skipped/>
  </testcase> <!-- loginTest3 -->
  <testcase name="loginTest3" time="0.002" classname="com.dunkin.shadman.onlineStore.testScripts.Test2">
    <skipped/>
  </testcase> <!-- loginTest3 -->
  <testcase name="loginTest3" time="0.001" classname="com.dunkin.shadman.onlineStore.testScripts.Test2">
    <failure type="junit.framework.AssertionFailedError">
      <![CDATA[junit.framework.AssertionFailedErrorat junit.framework.Assert.fail(Assert.java:47)at junit.framework.Assert.assertTrue(Assert.java:20)at junit.framework.Assert.assertTrue(Assert.java:27)at com.dunkin.shadman.onlineStore.helper.assertion.AssertionHelper.makeFalse(AssertionHelper.java:48)at com.dunkin.shadman.onlineStore.testScripts.Test2.loginTest3(Test2.java:27)... Removed 25 stack frames]]>
    </failure>
  </testcase> <!-- loginTest3 -->
  <testcase name="@BeforeSuite beforeSuite" time="0.0" classname="com.dunkin.shadman.onlineStore.testBase.TestBase">
    <ignored/>
  </testcase> <!-- @BeforeSuite beforeSuite -->
</testsuite> <!-- Test -->
